<?xml version="1.0" encoding="UTF-8"?>
<testng-results ignored="0" total="2" passed="2" failed="0" skipped="0">
  <reporter-output>
  </reporter-output>
  <suite started-at="2025-03-05T15:43:36 IST" name="Default suite" finished-at="2025-03-05T15:43:48 IST" duration-ms="12592">
    <groups>
    </groups>
    <test started-at="2025-03-05T15:43:36 IST" name="Default test" finished-at="2025-03-05T15:43:48 IST" duration-ms="12592">
      <class name="com.wipro.testng.FailedTestCases">
        <test-method is-config="true" signature="beforeTest()[pri:0, instance:com.wipro.testng.FailedTestCases@77f1baf5]" started-at="2025-03-05T15:43:36 IST" name="beforeTest" finished-at="2025-03-05T15:43:48 IST" duration-ms="11940" status="PASS">
          <reporter-output>
          </reporter-output>
        </test-method> <!-- beforeTest -->
        <test-method signature="test1()[pri:0, instance:com.wipro.testng.FailedTestCases@77f1baf5]" started-at="2025-03-05T15:43:48 IST" name="test1" finished-at="2025-03-05T15:43:48 IST" duration-ms="46" status="PASS">
          <reporter-output>
          </reporter-output>
        </test-method> <!-- test1 -->
        <test-method signature="test2()[pri:0, instance:com.wipro.testng.FailedTestCases@77f1baf5]" started-at="2025-03-05T15:43:48 IST" name="test2" finished-at="2025-03-05T15:43:48 IST" duration-ms="480" status="PASS">
          <reporter-output>
          </reporter-output>
        </test-method> <!-- test2 -->
        <test-method is-config="true" signature="afterTest()[pri:0, instance:com.wipro.testng.FailedTestCases@77f1baf5]" started-at="2025-03-05T15:43:48 IST" name="afterTest" finished-at="2025-03-05T15:43:48 IST" duration-ms="3" status="PASS">
          <reporter-output>
          </reporter-output>
        </test-method> <!-- afterTest -->
      </class> <!-- com.wipro.testng.FailedTestCases -->
    </test> <!-- Default test -->
  </suite> <!-- Default suite -->
</testng-results>
