<?xml version="1.0" encoding="UTF-8"?>
<testng-results ignored="0" total="0" passed="0" failed="0" skipped="0">
  <reporter-output>
  </reporter-output>
  <suite started-at="2025-03-17T14:50:53 IST" name="Default suite" finished-at="2025-03-17T14:50:54 IST" duration-ms="717">
    <groups>
      <group name="cucumber">
        <method signature="AbstractTestNGCucumberTests.runScenario(io.cucumber.testng.PickleWrapper,io.cucumber.testng.FeatureWrapper)[pri:0, instance:runners.MultipleRunners@366647c2]" name="runScenario" class="io.cucumber.testng.AbstractTestNGCucumberTests"/>
      </group> <!-- cucumber -->
    </groups>
    <test started-at="2025-03-17T14:50:53 IST" name="Default test" finished-at="2025-03-17T14:50:54 IST" duration-ms="717">
      <class name="runners.MultipleRunners">
        <test-method is-config="true" signature="setUpClass(org.testng.ITestContext)[pri:0, instance:runners.MultipleRunners@366647c2]" started-at="2025-03-17T14:50:53 IST" name="setUpClass" finished-at="2025-03-17T14:50:54 IST" duration-ms="592" status="PASS">
          <params>
            <param index="0">
              <value>
                <![CDATA[org.testng.TestRunner@302f7971]]>
              </value>
            </param>
          </params>
          <reporter-output>
          </reporter-output>
        </test-method> <!-- setUpClass -->
        <test-method is-config="true" signature="tearDownClass()[pri:0, instance:runners.MultipleRunners@366647c2]" started-at="2025-03-17T14:50:54 IST" name="tearDownClass" finished-at="2025-03-17T14:50:54 IST" duration-ms="5" status="PASS">
          <reporter-output>
          </reporter-output>
        </test-method> <!-- tearDownClass -->
      </class> <!-- runners.MultipleRunners -->
    </test> <!-- Default test -->
  </suite> <!-- Default suite -->
</testng-results>
