<?xml version="1.0" encoding="UTF-8"?>
<!-- Generated by org.testng.reporters.JUnitXMLReporter -->
<testsuite ignored="3" hostname="DESKTOP-73BU5A3" failures="0" tests="2" name="Test" time="0.169" errors="0" timestamp="2025-03-04T13:01:50 IST">
  <testcase classname="com.wipro.testng.group.GroupTest" name="test2" time="0.028"/>
  <testcase classname="com.wipro.testng.group.GroupTest" name="test5" time="0.004"/>
  <testcase classname="com.wipro.testng.group.GroupTest" name="test1" time="0.0">
    <ignored/>
  </testcase> <!-- test1 -->
  <testcase classname="com.wipro.testng.group.GroupTest" name="test3" time="0.0">
    <ignored/>
  </testcase> <!-- test3 -->
  <testcase classname="com.wipro.testng.group.GroupTest" name="test4" time="0.0">
    <ignored/>
  </testcase> <!-- test4 -->
</testsuite> <!-- Test -->
